Command:  ../VIBRANT_run.py -i mixed_example.fasta
Date:     2019-10-09
Start:    10:56:14
End:      10:57:13
Runtime:  1.0 minutes
Program:  VIBRANT v1.0.0


10 scaffolds were read in.
7 scaffolds met minimum requirements: at least 3000bp and 4 ORFs.
4 putative phages were identified.


                                                               ##
                                                             ##  ##
                                                           ##      ##
######   ##  ##     ##     #######   ######    #####       ##      ##
##  ##   ##  ##   ##  ##   ##        ##       ##             ##  ##
######   ######   ######   ##  ###   ######    ###             ##
##       ##  ##   ##  ##   ##   ##   ##           ##           ##
##       ##  ##   ##  ##   #######   ######   #####            ##
                                                            #  ##  #
                                                           # # ## # #
                                                          #   #  #   #
                                                         #            #


